{
  "RSpec": {
    "coverage": {
      "/home/ken/github/ticket-kenk11/spec/controllers/events_controller_spec.rb": [
        1,
        null,
        1,
        null,
        null
      ],
      "/home/ken/github/ticket-kenk11/spec/rails_helper.rb": [
        null,
        1,
        1,
        1,
        1,
        null,
        1,
        1,
        1,
        null,
        null,
        null,
        null,
        null,
        null,
        null,
        null,
        null,
        null,
        null,
        null,
        null,
        null,
        null,
        null,
        null,
        null,
        null,
        1,
        null,
        1,
        null,
        1,
        null,
        null,
        null,
        null,
        1,
        null,
        null,
        null,
        null,
        null,
        null,
        null,
        null,
        null,
        null,
        null,
        null,
        null,
        null,
        1,
        null,
        null,
        1,
        null,
        null,
        null
      ],
      "/home/ken/github/ticket-kenk11/config/environment.rb": [
        null,
        1,
        null,
        null,
        1
      ],
      "/home/ken/github/ticket-kenk11/config/application.rb": [
        1,
        null,
        1,
        null,
        null,
        null,
        1,
        null,
        1,
        1,
        null,
        null,
        null,
        null,
        null,
        null,
        null,
        null,
        null,
        null,
        null,
        null,
        null,
        1,
        null,
        null
      ],
      "/home/ken/github/ticket-kenk11/config/boot.rb": [
        1,
        null,
        1
      ],
      "/home/ken/github/ticket-kenk11/config/environments/test.rb": [
        1,
        null,
        null,
        null,
        null,
        null,
        null,
        1,
        null,
        null,
        null,
        null,
        1,
        null,
        null,
        1,
        1,
        null,
        null,
        1,
        1,
        null,
        null,
        1,
        null,
        null,
        1,
        null,
        null,
        null,
        null,
        1,
        null,
        null,
        1,
        null,
        null,
        1,
        null,
        null,
        null,
        null
      ],
      "/home/ken/github/ticket-kenk11/config/initializers/assets.rb": [
        null,
        null,
        null,
        1,
        null,
        null,
        null,
        null,
        null,
        null,
        null
      ],
      "/home/ken/github/ticket-kenk11/config/initializers/backtrace_silencers.rb": [
        null,
        null,
        null,
        null,
        null,
        null,
        null
      ],
      "/home/ken/github/ticket-kenk11/config/initializers/cookies_serializer.rb": [
        null,
        null,
        1
      ],
      "/home/ken/github/ticket-kenk11/config/initializers/filter_parameter_logging.rb": [
        null,
        null,
        null,
        1
      ],
      "/home/ken/github/ticket-kenk11/config/initializers/inflections.rb": [
        null,
        null,
        null,
        null,
        null,
        null,
        null,
        null,
        null,
        null,
        null,
        null,
        null,
        null,
        null,
        null
      ],
      "/home/ken/github/ticket-kenk11/config/initializers/mime_types.rb": [
        null,
        null,
        null,
        null
      ],
      "/home/ken/github/ticket-kenk11/config/initializers/session_store.rb": [
        null,
        null,
        1
      ],
      "/home/ken/github/ticket-kenk11/config/initializers/simple_form.rb": [
        null,
        1,
        null,
        null,
        null,
        null,
        null,
        1,
        null,
        null,
        null,
        null,
        null,
        null,
        null,
        null,
        null,
        1,
        null,
        null,
        null,
        1,
        null,
        null,
        null,
        null,
        null,
        null,
        null,
        null,
        1,
        null,
        null,
        1,
        null,
        null,
        1,
        null,
        null,
        1,
        null,
        null,
        1,
        1,
        1,
        null,
        null,
        null,
        null,
        null,
        null,
        null,
        null,
        null,
        1,
        null,
        null,
        null,
        null,
        null,
        1,
        null,
        null,
        1,
        null,
        null,
        null,
        null,
        null,
        null,
        null,
        1,
        null,
        null,
        1,
        null,
        null,
        null,
        null,
        null,
        null,
        null,
        null,
        null,
        null,
        null,
        null,
        null,
        null,
        null,
        null,
        null,
        null,
        null,
        null,
        null,
        null,
        null,
        null,
        null,
        null,
        null,
        null,
        null,
        null,
        null,
        null,
        null,
        null,
        null,
        null,
        null,
        null,
        null,
        null,
        null,
        null,
        null,
        null,
        1,
        null,
        null,
        null,
        null,
        null,
        null,
        null,
        null,
        null,
        null,
        null,
        null,
        null,
        null,
        null,
        null,
        null,
        null,
        null,
        null,
        null,
        null,
        null,
        null,
        null,
        null,
        null,
        null,
        null,
        null,
        null,
        null,
        null,
        null,
        null,
        null,
        1,
        null,
        null,
        null,
        null,
        null,
        null,
        null,
        null
      ],
      "/home/ken/github/ticket-kenk11/config/initializers/simple_form_bootstrap.rb": [
        null,
        1,
        1,
        1,
        1,
        null,
        1,
        1,
        1,
        1,
        1,
        1,
        1,
        1,
        null,
        1,
        1,
        1,
        null,
        null,
        1,
        1,
        1,
        1,
        1,
        1,
        null,
        1,
        1,
        1,
        null,
        null,
        1,
        1,
        1,
        null,
        1,
        1,
        null,
        null,
        1,
        1,
        null,
        null,
        1,
        1,
        1,
        1,
        1,
        1,
        1,
        null,
        null,
        1,
        1,
        1,
        1,
        1,
        1,
        1,
        1,
        null,
        1,
        1,
        1,
        1,
        null,
        null,
        null,
        1,
        1,
        1,
        1,
        1,
        1,
        null,
        1,
        1,
        1,
        1,
        null,
        null,
        null,
        1,
        1,
        1,
        null,
        1,
        1,
        1,
        null,
        null,
        1,
        1,
        null,
        null,
        null,
        1,
        1,
        1,
        null,
        1,
        null,
        1,
        1,
        1,
        1,
        null,
        null,
        null,
        1,
        1,
        1,
        1,
        1,
        1,
        1,
        1,
        null,
        1,
        1,
        1,
        null,
        null,
        1,
        1,
        1,
        1,
        1,
        1,
        1,
        1,
        null,
        null,
        null,
        null,
        null,
        null,
        1,
        1,
        null,
        null,
        null,
        null,
        null,
        null,
        null,
        null,
        null
      ],
      "/home/ken/github/ticket-kenk11/config/initializers/wrap_parameters.rb": [
        null,
        null,
        null,
        null,
        null,
        null,
        1,
        1,
        null,
        null,
        null,
        null,
        null,
        null
      ],
      "/home/ken/github/ticket-kenk11/config/routes.rb": [
        1,
        1,
        null,
        1,
        1,
        null,
        null,
        null,
        null,
        null,
        null,
        null,
        null,
        null,
        null,
        null,
        null,
        null,
        null,
        null,
        null,
        null,
        null,
        null,
        null,
        null,
        null,
        null,
        null,
        null,
        null,
        null,
        null,
        null,
        null,
        null,
        null,
        null,
        null,
        null,
        null,
        null,
        null,
        null,
        null,
        null,
        null,
        null,
        null,
        null,
        null,
        null,
        null,
        null,
        null,
        null,
        null,
        null,
        null,
        null,
        null
      ],
      "/home/ken/github/ticket-kenk11/app/helpers/application_helper.rb": [
        1,
        null
      ],
      "/home/ken/github/ticket-kenk11/app/helpers/events_helper.rb": [
        1,
        1,
        0,
        null,
        null
      ],
      "/home/ken/github/ticket-kenk11/app/helpers/tickets_helper.rb": [
        1,
        null
      ],
      "/home/ken/github/ticket-kenk11/app/controllers/events_controller.rb": [
        1,
        1,
        0,
        null,
        0,
        null,
        0,
        null,
        null,
        null,
        1,
        0,
        null,
        null
      ],
      "/home/ken/github/ticket-kenk11/app/controllers/application_controller.rb": [
        1,
        null,
        null,
        1,
        null
      ],
      "/home/ken/github/ticket-kenk11/spec/controllers/tickets_controller_spec.rb": [
        1,
        null,
        1,
        null,
        null
      ],
      "/home/ken/github/ticket-kenk11/app/controllers/tickets_controller.rb": [
        1,
        1,
        0,
        null,
        null
      ],
      "/home/ken/github/ticket-kenk11/spec/models/category_spec.rb": [
        1,
        null,
        1,
        1,
        null
      ],
      "/home/ken/github/ticket-kenk11/app/models/category.rb": [
        1,
        1,
        1,
        null
      ],
      "/home/ken/github/ticket-kenk11/spec/models/event_spec.rb": [
        1,
        null,
        1,
        1,
        null
      ],
      "/home/ken/github/ticket-kenk11/app/models/event.rb": [
        1,
        1,
        1,
        1,
        null,
        1,
        1,
        1,
        null,
        1,
        0,
        null,
        null,
        null
      ],
      "/home/ken/github/ticket-kenk11/spec/models/region_spec.rb": [
        1,
        null,
        1,
        1,
        null
      ],
      "/home/ken/github/ticket-kenk11/app/models/region.rb": [
        1,
        1,
        1,
        null
      ],
      "/home/ken/github/ticket-kenk11/spec/models/ticket_type_spec.rb": [
        1,
        null,
        1,
        1,
        null
      ],
      "/home/ken/github/ticket-kenk11/app/models/ticket_type.rb": [
        1,
        1,
        null
      ],
      "/home/ken/github/ticket-kenk11/spec/models/venue_spec.rb": [
        1,
        null,
        1,
        1,
        null
      ],
      "/home/ken/github/ticket-kenk11/app/models/venue.rb": [
        1,
        1,
        1,
        null
      ]
    },
    "timestamp": 1469244941
  }
}
